<?xml version="1.0" encoding="UTF-8"?>
<!-- Generated by org.testng.reporters.JUnitReportReporter -->
<testsuite hostname="ultralaptop" failures="0" tests="6" name="com.org.tests.OptionsTest" time="3.451" errors="0" timestamp="05 Jul 2021 08:00:17 GMT" skipped="0">
  <testcase classname="com.org.tests.OptionsTest" name="validateRadioButton" time="0.279"/>
  <testcase classname="com.org.tests.OptionsTest" name="validateRadioButton" time="0.513"/>
  <testcase classname="com.org.tests.OptionsTest" name="validateCheckBox" time="0.276"/>
  <testcase classname="com.org.tests.OptionsTest" name="validateCheckBox" time="0.486"/>
  <testcase classname="com.org.tests.OptionsTest" name="validateDropDown" time="1.059"/>
  <testcase classname="com.org.tests.OptionsTest" name="validateDropDown" time="0.838"/>
</testsuite> <!-- com.org.tests.OptionsTest -->
