<?xml version="1.0" encoding="UTF-8"?>
<!-- Generated by org.testng.reporters.JUnitReportReporter -->
<testsuite hostname="ultralaptop" failures="0" tests="1" name="com.org.tests.DragAndDropTest" time="18.992" errors="0" timestamp="24 Jun 2021 05:10:42 GMT" skipped="0">
  <testcase classname="com.org.tests.DragAndDropTest" name="validateDragAndDrop" time="18.992"/>
</testsuite> <!-- com.org.tests.DragAndDropTest -->
