<?xml version="1.0" encoding="UTF-8"?>
<!-- Generated by org.testng.reporters.JUnitReportReporter -->
<testsuite hostname="ultralaptop" failures="0" tests="6" name="com.org.tests.AlertTest" time="0.879" errors="0" timestamp="05 Jul 2021 08:00:17 GMT" skipped="0">
  <testcase classname="com.org.tests.AlertTest" name="validateDoubleClickAlert" time="0.198"/>
  <testcase classname="com.org.tests.AlertTest" name="validateDoubleClickAlert" time="0.231"/>
  <testcase classname="com.org.tests.AlertTest" name="validateClickAlert" time="0.100"/>
  <testcase classname="com.org.tests.AlertTest" name="validateClickAlert" time="0.095"/>
  <testcase classname="com.org.tests.AlertTest" name="validateOptionAlert" time="0.150"/>
  <testcase classname="com.org.tests.AlertTest" name="validateOptionAlert" time="0.105"/>
</testsuite> <!-- com.org.tests.AlertTest -->
