<?xml version="1.0" encoding="UTF-8"?>
<!-- Generated by org.testng.reporters.JUnitReportReporter -->
<testsuite hostname="ultralaptop" failures="0" tests="2" name="com.org.tests.TextBoxTest" time="0.356" errors="0" timestamp="05 Jul 2021 08:00:17 GMT" skipped="0">
  <testcase classname="com.org.tests.TextBoxTest" name="validateTextBox" time="0.115"/>
  <testcase classname="com.org.tests.TextBoxTest" name="validateTextBox" time="0.241"/>
</testsuite> <!-- com.org.tests.TextBoxTest -->
