<?xml version="1.0" encoding="UTF-8"?>
<!-- Generated by org.testng.reporters.JUnitReportReporter -->
<testsuite skipped="0" hostname="ultralaptop" name="com.org.tests.AlertTest" tests="6" failures="0" timestamp="10 Jul 2021 18:54:26 GMT" time="1.502" errors="0">
  <testcase name="validateDoubleClickAlert" time="0.279" classname="com.org.tests.AlertTest"/>
  <testcase name="validateDoubleClickAlert" time="0.692" classname="com.org.tests.AlertTest"/>
  <testcase name="validateClickAlert" time="0.088" classname="com.org.tests.AlertTest"/>
  <testcase name="validateClickAlert" time="0.091" classname="com.org.tests.AlertTest"/>
  <testcase name="validateOptionAlert" time="0.219" classname="com.org.tests.AlertTest"/>
  <testcase name="validateOptionAlert" time="0.133" classname="com.org.tests.AlertTest"/>
</testsuite> <!-- com.org.tests.AlertTest -->
