<?xml version="1.0" encoding="UTF-8"?>
<!-- Generated by org.testng.reporters.JUnitReportReporter -->
<testsuite skipped="0" hostname="ultralaptop" name="com.org.tests.LinkClickTest" tests="2" failures="0" timestamp="10 Jul 2021 18:54:26 GMT" time="9.852" errors="0">
  <testcase name="validateLinkClick" time="3.167" classname="com.org.tests.LinkClickTest"/>
  <testcase name="validateLinkClick" time="6.685" classname="com.org.tests.LinkClickTest"/>
</testsuite> <!-- com.org.tests.LinkClickTest -->
