<?xml version="1.0" encoding="UTF-8"?>
<!-- Generated by org.testng.reporters.JUnitReportReporter -->
<testsuite skipped="0" hostname="ultralaptop" name="com.org.tests.TextBoxTest" tests="2" failures="0" timestamp="10 Jul 2021 18:54:26 GMT" time="0.570" errors="0">
  <testcase name="validateTextBox" time="0.400" classname="com.org.tests.TextBoxTest"/>
  <testcase name="validateTextBox" time="0.170" classname="com.org.tests.TextBoxTest"/>
</testsuite> <!-- com.org.tests.TextBoxTest -->
