<?xml version="1.0" encoding="UTF-8"?>
<!-- Generated by org.testng.reporters.JUnitReportReporter -->
<testsuite skipped="0" hostname="ultralaptop" name="com.org.tests.OptionsTest" tests="6" failures="0" timestamp="10 Jul 2021 18:54:26 GMT" time="3.912" errors="0">
  <testcase name="validateRadioButton" time="0.525" classname="com.org.tests.OptionsTest"/>
  <testcase name="validateRadioButton" time="0.329" classname="com.org.tests.OptionsTest"/>
  <testcase name="validateCheckBox" time="0.231" classname="com.org.tests.OptionsTest"/>
  <testcase name="validateCheckBox" time="0.510" classname="com.org.tests.OptionsTest"/>
  <testcase name="validateDropDown" time="1.020" classname="com.org.tests.OptionsTest"/>
  <testcase name="validateDropDown" time="1.297" classname="com.org.tests.OptionsTest"/>
</testsuite> <!-- com.org.tests.OptionsTest -->
